0 info it worked if it ends with ok
1 verbose cli [ 'C:\\Program Files\\nodejs\\node.exe',
1 verbose cli   'C:\\Users\\Josh\\AppData\\Roaming\\npm\\node_modules\\npm\\bin\\npm-cli.js',
1 verbose cli   'start' ]
2 info using npm@4.0.3
3 info using node@v7.2.1
4 verbose run-script [ 'prestart', 'start', 'poststart' ]
5 info lifecycle react-toolbox-example@0.11.4~prestart: react-toolbox-example@0.11.4
6 silly lifecycle react-toolbox-example@0.11.4~prestart: no script for prestart, continuing
7 info lifecycle react-toolbox-example@0.11.4~start: react-toolbox-example@0.11.4
8 verbose lifecycle react-toolbox-example@0.11.4~start: unsafe-perm in lifecycle true
9 verbose lifecycle react-toolbox-example@0.11.4~start: PATH: C:\Users\Josh\AppData\Roaming\npm\node_modules\npm\bin\node-gyp-bin;C:\React\nodeDev\react-toolbox\node_modules\.bin;C:\ProgramData\Oracle\Java\javapath;C:\Windows\system32;C:\Windows;C:\Windows\System32\Wbem;C:\Windows\System32\WindowsPowerShell\v1.0\;C:\Program Files (x86)\NVIDIA Corporation\PhysX\Common;C:\WINDOWS\system32;C:\WINDOWS;C:\WINDOWS\System32\Wbem;C:\WINDOWS\System32\WindowsPowerShell\v1.0\;C:\Users\Josh\.dnx\bin;C:\Program Files\Microsoft DNX\Dnvm\;C:\Program Files\Microsoft SQL Server\130\Tools\Binn\;C:\Program Files\Git\cmd;F:\Downloads\Chrome\neard-1.0.21\neard\bin\apache\apache2.2.22\bin;F:\Downloads\Chrome\neard-1.0.21\neard\bin\php\php5.3.13;F:\Downloads\Chrome\neard-1.0.21\neard\bin\php\php5.3.13\pear;F:\Downloads\Chrome\neard-1.0.21\neard\bin\php\php5.3.13\imagick;F:\Downloads\Chrome\neard-1.0.21\neard\bin\nodejs\nodejs0.12.9;F:\Downloads\Chrome\neard-1.0.21\neard\tools\composer\composer1.1.2;F:\Downloads\Chrome\neard-1.0.21\neard\tools\drush\drush7.3.0;F:\Downloads\Chrome\neard-1.0.21\neard\tools\git\git2.9.0\bin;F:\Downloads\Chrome\neard-1.0.21\neard\tools\imagemagick\imagemagick6.9.3-10;F:\Downloads\Chrome\neard-1.0.21\neard\tools\phpmetrics\phpmetrics1.0.1;F:\Downloads\Chrome\neard-1.0.21\neard\tools\phpunit\phpunit4.8.26;F:\Downloads\Chrome\neard-1.0.21\neard\tools\svn\svn1.7.22\bin;F:\Downloads\Chrome\neard-1.0.21\neard\tools\wpcli\wpcli0.20.4;;C:\Program Files\nodejs\;F:\Program Files\Microsoft VS Code\bin;C:\Users\Josh\AppData\Local\Microsoft\WindowsApps;C:\Users\Josh\AppData\Local\atom\bin;C:\Users\Josh\AppData\Roaming\npm;C:\Users\Josh\AppData\Local\Microsoft\WindowsApps;;C:\Program Files (x86)\Microsoft VS Code\bin
10 verbose lifecycle react-toolbox-example@0.11.4~start: CWD: C:\React\nodeDev\react-toolbox
11 silly lifecycle react-toolbox-example@0.11.4~start: Args: [ '/d /s /c', 'node server' ]
12 verbose stack Error: kill ENOSYS
12 verbose stack     at exports._errnoException (util.js:1022:11)
12 verbose stack     at process.kill (internal/process.js:173:13)
12 verbose stack     at process.listener (C:\Users\Josh\AppData\Roaming\npm\node_modules\npm\node_modules\npmlog\node_modules\gauge\node_modules\signal-exit\index.js:86:15)
12 verbose stack     at emitNone (events.js:91:20)
12 verbose stack     at process.emit (events.js:185:7)
12 verbose stack     at processEmit (C:\Users\Josh\AppData\Roaming\npm\node_modules\npm\node_modules\npmlog\node_modules\gauge\node_modules\signal-exit\index.js:146:32)
12 verbose stack     at processEmit (C:\Users\Josh\AppData\Roaming\npm\node_modules\npm\node_modules\npm-registry-client\node_modules\npmlog\node_modules\gauge\node_modules\signal-exit\index.js:146:32)
12 verbose stack     at Signal.wrap.onsignal (internal/process.js:200:44)
13 verbose cwd C:\React\nodeDev\react-toolbox
14 error Windows_NT 10.0.15063
15 error argv "C:\\Program Files\\nodejs\\node.exe" "C:\\Users\\Josh\\AppData\\Roaming\\npm\\node_modules\\npm\\bin\\npm-cli.js" "start"
16 error node v7.2.1
17 error npm  v4.0.3
18 error code ENOSYS
19 error errno ENOSYS
20 error syscall kill
21 error kill ENOSYS
22 error If you need help, you may report this error at:
22 error     <https://github.com/npm/npm/issues>
23 verbose exit [ 1, true ]
